android/app/build/intermediates/manifest_merge_blame_file/debug/manifest-merger-blame-debug-report.txt
1<?xml version="1.0" encoding="utf-8"?>
2<manifest xmlns:android="http://schemas.android.com/apk/res/android"
3    package="com.newp"
4    android:versionCode="1"
5    android:versionName="1.0" >
6
7    <uses-sdk
8        android:minSdkVersion="21"
9        android:targetSdkVersion="34" />
10
11    <uses-permission android:name="android.permission.INTERNET" />
11-->src\main\AndroidManifest.xml:3:5-67
11-->src\main\AndroidManifest.xml:3:22-64
12    <uses-permission android:name="android.permission.WAKE_LOCK" />
12-->[:react-native-firebase_messaging] AndroidManifest.xml:8:5-68
12-->[:react-native-firebase_messaging] AndroidManifest.xml:8:22-65
13    <uses-permission android:name="android.permission.ACCESS_NETWORK_STATE" />
13-->[:react-native-firebase_messaging] AndroidManifest.xml:9:5-79
13-->[:react-native-firebase_messaging] AndroidManifest.xml:9:22-76
14    <!--
15    This manifest file is used only by Gradle to configure debug-only capabilities
16    for React Native Apps.
17    -->
18    <uses-permission android:name="android.permission.SYSTEM_ALERT_WINDOW" />
18-->[com.facebook.react:react-android:0.73.4] AndroidManifest.xml:16:5-78
18-->[com.facebook.react:react-android:0.73.4] AndroidManifest.xml:16:22-75
19    <uses-permission android:name="android.permission.ACCESS_WIFI_STATE" />
19-->[com.facebook.flipper:flipper:0.201.0] AndroidManifest.xml:14:5-76
19-->[com.facebook.flipper:flipper:0.201.0] AndroidManifest.xml:14:22-73
20    <uses-permission android:name="android.permission.POST_NOTIFICATIONS" /> <!-- Required by older versions of Google Play services to create IID tokens -->
20-->[com.google.firebase:firebase-messaging:23.4.0] AndroidManifest.xml:23:5-77
20-->[com.google.firebase:firebase-messaging:23.4.0] AndroidManifest.xml:23:22-74
21    <uses-permission android:name="com.google.android.c2dm.permission.RECEIVE" />
21-->[com.google.firebase:firebase-messaging:23.4.0] AndroidManifest.xml:26:5-82
21-->[com.google.firebase:firebase-messaging:23.4.0] AndroidManifest.xml:26:22-79
22
23    <permission
23-->[androidx.core:core:1.9.0] AndroidManifest.xml:22:5-24:47
24        android:name="com.newp.DYNAMIC_RECEIVER_NOT_EXPORTED_PERMISSION"
24-->[androidx.core:core:1.9.0] AndroidManifest.xml:23:9-81
25        android:protectionLevel="signature" />
25-->[androidx.core:core:1.9.0] AndroidManifest.xml:24:9-44
26
27    <uses-permission android:name="com.newp.DYNAMIC_RECEIVER_NOT_EXPORTED_PERMISSION" />
27-->[androidx.core:core:1.9.0] AndroidManifest.xml:26:5-97
27-->[androidx.core:core:1.9.0] AndroidManifest.xml:26:22-94
28
29    <application
29-->src\main\AndroidManifest.xml:5:5-24:19
30        android:name="com.newp.MainApplication"
30-->src\main\AndroidManifest.xml:6:7-38
31        android:allowBackup="false"
31-->src\main\AndroidManifest.xml:10:7-34
32        android:appComponentFactory="androidx.core.app.CoreComponentFactory"
32-->[androidx.core:core:1.9.0] AndroidManifest.xml:28:18-86
33        android:debuggable="true"
34        android:extractNativeLibs="true"
35        android:icon="@mipmap/ic_launcher"
35-->src\main\AndroidManifest.xml:8:7-41
36        android:label="@string/app_name"
36-->src\main\AndroidManifest.xml:7:7-39
37        android:roundIcon="@mipmap/ic_launcher_round"
37-->src\main\AndroidManifest.xml:9:7-52
38        android:theme="@style/AppTheme"
38-->src\main\AndroidManifest.xml:11:7-38
39        android:usesCleartextTraffic="true" >
39-->src\debug\AndroidManifest.xml:6:9-44
40        <activity
40-->src\main\AndroidManifest.xml:12:7-23:18
41            android:name="com.newp.MainActivity"
41-->src\main\AndroidManifest.xml:13:9-37
42            android:configChanges="keyboard|keyboardHidden|orientation|screenLayout|screenSize|smallestScreenSize|uiMode"
42-->src\main\AndroidManifest.xml:15:9-118
43            android:exported="true"
43-->src\main\AndroidManifest.xml:18:9-32
44            android:label="@string/app_name"
44-->src\main\AndroidManifest.xml:14:9-41
45            android:launchMode="singleTask"
45-->src\main\AndroidManifest.xml:16:9-40
46            android:windowSoftInputMode="adjustResize" >
46-->src\main\AndroidManifest.xml:17:9-51
47            <intent-filter>
47-->src\main\AndroidManifest.xml:19:9-22:25
48                <action android:name="android.intent.action.MAIN" />
48-->src\main\AndroidManifest.xml:20:13-65
48-->src\main\AndroidManifest.xml:20:21-62
49
50                <category android:name="android.intent.category.LAUNCHER" />
50-->src\main\AndroidManifest.xml:21:13-73
50-->src\main\AndroidManifest.xml:21:23-70
51            </intent-filter>
52        </activity>
53
54        <service
54-->[:react-native-firebase_messaging] AndroidManifest.xml:12:9-14:40
55            android:name="io.invertase.firebase.messaging.ReactNativeFirebaseMessagingHeadlessService"
55-->[:react-native-firebase_messaging] AndroidManifest.xml:13:13-103
56            android:exported="false" />
56-->[:react-native-firebase_messaging] AndroidManifest.xml:14:13-37
57        <service
57-->[:react-native-firebase_messaging] AndroidManifest.xml:15:9-21:19
58            android:name="io.invertase.firebase.messaging.ReactNativeFirebaseMessagingService"
58-->[:react-native-firebase_messaging] AndroidManifest.xml:16:13-95
59            android:exported="false" >
59-->[:react-native-firebase_messaging] AndroidManifest.xml:17:13-37
60            <intent-filter>
60-->[:react-native-firebase_messaging] AndroidManifest.xml:18:13-20:29
61                <action android:name="com.google.firebase.MESSAGING_EVENT" />
61-->[:react-native-firebase_messaging] AndroidManifest.xml:19:17-78
61-->[:react-native-firebase_messaging] AndroidManifest.xml:19:25-75
62            </intent-filter>
63        </service>
64
65        <receiver
65-->[:react-native-firebase_messaging] AndroidManifest.xml:23:9-30:20
66            android:name="io.invertase.firebase.messaging.ReactNativeFirebaseMessagingReceiver"
66-->[:react-native-firebase_messaging] AndroidManifest.xml:24:13-96
67            android:exported="true"
67-->[:react-native-firebase_messaging] AndroidManifest.xml:25:13-36
68            android:permission="com.google.android.c2dm.permission.SEND" >
68-->[:react-native-firebase_messaging] AndroidManifest.xml:26:13-73
69            <intent-filter>
69-->[:react-native-firebase_messaging] AndroidManifest.xml:27:13-29:29
70                <action android:name="com.google.android.c2dm.intent.RECEIVE" />
70-->[:react-native-firebase_messaging] AndroidManifest.xml:28:17-81
70-->[:react-native-firebase_messaging] AndroidManifest.xml:28:25-78
71            </intent-filter>
72        </receiver>
73
74        <meta-data
74-->[:react-native-firebase_messaging] AndroidManifest.xml:32:9-34:36
75            android:name="firebase_messaging_auto_init_enabled"
75-->[:react-native-firebase_messaging] AndroidManifest.xml:33:13-64
76            android:value="true" />
76-->[:react-native-firebase_messaging] AndroidManifest.xml:34:13-33
77        <meta-data
77-->[:react-native-firebase_messaging] AndroidManifest.xml:35:9-37:32
78            android:name="com.google.firebase.messaging.default_notification_channel_id"
78-->[:react-native-firebase_messaging] AndroidManifest.xml:36:13-89
79            android:value="" />
79-->[:react-native-firebase_messaging] AndroidManifest.xml:37:13-29
80        <meta-data
80-->[:react-native-firebase_messaging] AndroidManifest.xml:38:9-40:47
81            android:name="com.google.firebase.messaging.default_notification_color"
81-->[:react-native-firebase_messaging] AndroidManifest.xml:39:13-84
82            android:resource="@color/white" />
82-->[:react-native-firebase_messaging] AndroidManifest.xml:40:13-44
83        <meta-data
83-->[:react-native-firebase_app] AndroidManifest.xml:9:9-11:36
84            android:name="app_data_collection_default_enabled"
84-->[:react-native-firebase_app] AndroidManifest.xml:10:13-63
85            android:value="true" />
85-->[:react-native-firebase_app] AndroidManifest.xml:11:13-33
86
87        <service
87-->[:react-native-firebase_app] AndroidManifest.xml:13:9-21:19
88            android:name="com.google.firebase.components.ComponentDiscoveryService"
88-->[:react-native-firebase_app] AndroidManifest.xml:14:13-84
89            android:directBootAware="true"
89-->[:react-native-firebase_app] AndroidManifest.xml:15:13-43
90            android:exported="false" >
90-->[:react-native-firebase_app] AndroidManifest.xml:16:13-37
91            <meta-data
91-->[:react-native-firebase_app] AndroidManifest.xml:18:13-20:85
92                android:name="com.google.firebase.components:io.invertase.firebase.app.ReactNativeFirebaseAppRegistrar"
92-->[:react-native-firebase_app] AndroidManifest.xml:19:17-120
93                android:value="com.google.firebase.components.ComponentRegistrar" />
93-->[:react-native-firebase_app] AndroidManifest.xml:20:17-82
94            <meta-data
94-->[com.google.firebase:firebase-messaging:23.4.0] AndroidManifest.xml:57:13-59:85
95                android:name="com.google.firebase.components:com.google.firebase.messaging.FirebaseMessagingKtxRegistrar"
95-->[com.google.firebase:firebase-messaging:23.4.0] AndroidManifest.xml:58:17-122
96                android:value="com.google.firebase.components.ComponentRegistrar" />
96-->[com.google.firebase:firebase-messaging:23.4.0] AndroidManifest.xml:59:17-82
97            <meta-data
97-->[com.google.firebase:firebase-messaging:23.4.0] AndroidManifest.xml:60:13-62:85
98                android:name="com.google.firebase.components:com.google.firebase.messaging.FirebaseMessagingRegistrar"
98-->[com.google.firebase:firebase-messaging:23.4.0] AndroidManifest.xml:61:17-119
99                android:value="com.google.firebase.components.ComponentRegistrar" />
99-->[com.google.firebase:firebase-messaging:23.4.0] AndroidManifest.xml:62:17-82
100            <meta-data
100-->[com.google.firebase:firebase-installations:17.2.0] AndroidManifest.xml:15:13-17:85
101                android:name="com.google.firebase.components:com.google.firebase.installations.FirebaseInstallationsKtxRegistrar"
101-->[com.google.firebase:firebase-installations:17.2.0] AndroidManifest.xml:16:17-130
102                android:value="com.google.firebase.components.ComponentRegistrar" />
102-->[com.google.firebase:firebase-installations:17.2.0] AndroidManifest.xml:17:17-82
103            <meta-data
103-->[com.google.firebase:firebase-installations:17.2.0] AndroidManifest.xml:18:13-20:85
104                android:name="com.google.firebase.components:com.google.firebase.installations.FirebaseInstallationsRegistrar"
104-->[com.google.firebase:firebase-installations:17.2.0] AndroidManifest.xml:19:17-127
105                android:value="com.google.firebase.components.ComponentRegistrar" />
105-->[com.google.firebase:firebase-installations:17.2.0] AndroidManifest.xml:20:17-82
106            <meta-data
106-->[com.google.firebase:firebase-common-ktx:20.4.2] AndroidManifest.xml:12:13-14:85
107                android:name="com.google.firebase.components:com.google.firebase.ktx.FirebaseCommonLegacyRegistrar"
107-->[com.google.firebase:firebase-common-ktx:20.4.2] AndroidManifest.xml:13:17-116
108                android:value="com.google.firebase.components.ComponentRegistrar" />
108-->[com.google.firebase:firebase-common-ktx:20.4.2] AndroidManifest.xml:14:17-82
109            <meta-data
109-->[com.google.firebase:firebase-common:20.4.2] AndroidManifest.xml:35:13-37:85
110                android:name="com.google.firebase.components:com.google.firebase.FirebaseCommonKtxRegistrar"
110-->[com.google.firebase:firebase-common:20.4.2] AndroidManifest.xml:36:17-109
111                android:value="com.google.firebase.components.ComponentRegistrar" />
111-->[com.google.firebase:firebase-common:20.4.2] AndroidManifest.xml:37:17-82
112            <meta-data
112-->[com.google.firebase:firebase-datatransport:18.1.7] AndroidManifest.xml:27:13-29:85
113                android:name="com.google.firebase.components:com.google.firebase.datatransport.TransportRegistrar"
113-->[com.google.firebase:firebase-datatransport:18.1.7] AndroidManifest.xml:28:17-115
114                android:value="com.google.firebase.components.ComponentRegistrar" />
114-->[com.google.firebase:firebase-datatransport:18.1.7] AndroidManifest.xml:29:17-82
115        </service>
116
117        <provider
117-->[:react-native-firebase_app] AndroidManifest.xml:23:9-27:38
118            android:name="io.invertase.firebase.app.ReactNativeFirebaseAppInitProvider"
118-->[:react-native-firebase_app] AndroidManifest.xml:24:13-88
119            android:authorities="com.newp.reactnativefirebaseappinitprovider"
119-->[:react-native-firebase_app] AndroidManifest.xml:25:13-86
120            android:exported="false"
120-->[:react-native-firebase_app] AndroidManifest.xml:26:13-37
121            android:initOrder="99" />
121-->[:react-native-firebase_app] AndroidManifest.xml:27:13-35
122
123        <activity
123-->[com.facebook.react:react-android:0.73.4] AndroidManifest.xml:19:9-21:40
124            android:name="com.facebook.react.devsupport.DevSettingsActivity"
124-->[com.facebook.react:react-android:0.73.4] AndroidManifest.xml:20:13-77
125            android:exported="false" />
125-->[com.facebook.react:react-android:0.73.4] AndroidManifest.xml:21:13-37
126        <activity
126-->[com.google.android.gms:play-services-auth:20.7.0] AndroidManifest.xml:23:9-27:75
127            android:name="com.google.android.gms.auth.api.signin.internal.SignInHubActivity"
127-->[com.google.android.gms:play-services-auth:20.7.0] AndroidManifest.xml:24:13-93
128            android:excludeFromRecents="true"
128-->[com.google.android.gms:play-services-auth:20.7.0] AndroidManifest.xml:25:13-46
129            android:exported="false"
129-->[com.google.android.gms:play-services-auth:20.7.0] AndroidManifest.xml:26:13-37
130            android:theme="@android:style/Theme.Translucent.NoTitleBar" />
130-->[com.google.android.gms:play-services-auth:20.7.0] AndroidManifest.xml:27:13-72
131        <!--
132            Service handling Google Sign-In user revocation. For apps that do not integrate with
133            Google Sign-In, this service will never be started.
134        -->
135        <service
135-->[com.google.android.gms:play-services-auth:20.7.0] AndroidManifest.xml:33:9-37:51
136            android:name="com.google.android.gms.auth.api.signin.RevocationBoundService"
136-->[com.google.android.gms:play-services-auth:20.7.0] AndroidManifest.xml:34:13-89
137            android:exported="true"
137-->[com.google.android.gms:play-services-auth:20.7.0] AndroidManifest.xml:35:13-36
138            android:permission="com.google.android.gms.auth.api.signin.permission.REVOCATION_NOTIFICATION"
138-->[com.google.android.gms:play-services-auth:20.7.0] AndroidManifest.xml:36:13-107
139            android:visibleToInstantApps="true" />
139-->[com.google.android.gms:play-services-auth:20.7.0] AndroidManifest.xml:37:13-48
140
141        <receiver
141-->[com.google.firebase:firebase-messaging:23.4.0] AndroidManifest.xml:29:9-40:20
142            android:name="com.google.firebase.iid.FirebaseInstanceIdReceiver"
142-->[com.google.firebase:firebase-messaging:23.4.0] AndroidManifest.xml:30:13-78
143            android:exported="true"
143-->[com.google.firebase:firebase-messaging:23.4.0] AndroidManifest.xml:31:13-36
144            android:permission="com.google.android.c2dm.permission.SEND" >
144-->[com.google.firebase:firebase-messaging:23.4.0] AndroidManifest.xml:32:13-73
145            <intent-filter>
145-->[:react-native-firebase_messaging] AndroidManifest.xml:27:13-29:29
146                <action android:name="com.google.android.c2dm.intent.RECEIVE" />
146-->[:react-native-firebase_messaging] AndroidManifest.xml:28:17-81
146-->[:react-native-firebase_messaging] AndroidManifest.xml:28:25-78
147            </intent-filter>
148
149            <meta-data
149-->[com.google.firebase:firebase-messaging:23.4.0] AndroidManifest.xml:37:13-39:40
150                android:name="com.google.android.gms.cloudmessaging.FINISHED_AFTER_HANDLED"
150-->[com.google.firebase:firebase-messaging:23.4.0] AndroidManifest.xml:38:17-92
151                android:value="true" />
151-->[com.google.firebase:firebase-messaging:23.4.0] AndroidManifest.xml:39:17-37
152        </receiver>
153        <!--
154             FirebaseMessagingService performs security checks at runtime,
155             but set to not exported to explicitly avoid allowing another app to call it.
156        -->
157        <service
157-->[com.google.firebase:firebase-messaging:23.4.0] AndroidManifest.xml:46:9-53:19
158            android:name="com.google.firebase.messaging.FirebaseMessagingService"
158-->[com.google.firebase:firebase-messaging:23.4.0] AndroidManifest.xml:47:13-82
159            android:directBootAware="true"
159-->[com.google.firebase:firebase-messaging:23.4.0] AndroidManifest.xml:48:13-43
160            android:exported="false" >
160-->[com.google.firebase:firebase-messaging:23.4.0] AndroidManifest.xml:49:13-37
161            <intent-filter android:priority="-500" >
161-->[:react-native-firebase_messaging] AndroidManifest.xml:18:13-20:29
162                <action android:name="com.google.firebase.MESSAGING_EVENT" />
162-->[:react-native-firebase_messaging] AndroidManifest.xml:19:17-78
162-->[:react-native-firebase_messaging] AndroidManifest.xml:19:25-75
163            </intent-filter>
164        </service>
165
166        <activity
166-->[com.google.android.gms:play-services-base:18.0.1] AndroidManifest.xml:20:9-22:45
167            android:name="com.google.android.gms.common.api.GoogleApiActivity"
167-->[com.google.android.gms:play-services-base:18.0.1] AndroidManifest.xml:20:19-85
168            android:exported="false"
168-->[com.google.android.gms:play-services-base:18.0.1] AndroidManifest.xml:22:19-43
169            android:theme="@android:style/Theme.Translucent.NoTitleBar" />
169-->[com.google.android.gms:play-services-base:18.0.1] AndroidManifest.xml:21:19-78
170
171        <provider
171-->[com.google.firebase:firebase-common:20.4.2] AndroidManifest.xml:23:9-28:39
172            android:name="com.google.firebase.provider.FirebaseInitProvider"
172-->[com.google.firebase:firebase-common:20.4.2] AndroidManifest.xml:24:13-77
173            android:authorities="com.newp.firebaseinitprovider"
173-->[com.google.firebase:firebase-common:20.4.2] AndroidManifest.xml:25:13-72
174            android:directBootAware="true"
174-->[com.google.firebase:firebase-common:20.4.2] AndroidManifest.xml:26:13-43
175            android:exported="false"
175-->[com.google.firebase:firebase-common:20.4.2] AndroidManifest.xml:27:13-37
176            android:initOrder="100" />
176-->[com.google.firebase:firebase-common:20.4.2] AndroidManifest.xml:28:13-36
177
178        <meta-data
178-->[com.google.android.gms:play-services-basement:18.2.0] AndroidManifest.xml:21:9-23:69
179            android:name="com.google.android.gms.version"
179-->[com.google.android.gms:play-services-basement:18.2.0] AndroidManifest.xml:22:13-58
180            android:value="@integer/google_play_services_version" />
180-->[com.google.android.gms:play-services-basement:18.2.0] AndroidManifest.xml:23:13-66
181
182        <provider
182-->[androidx.emoji2:emoji2:1.2.0] AndroidManifest.xml:24:9-32:20
183            android:name="androidx.startup.InitializationProvider"
183-->[androidx.emoji2:emoji2:1.2.0] AndroidManifest.xml:25:13-67
184            android:authorities="com.newp.androidx-startup"
184-->[androidx.emoji2:emoji2:1.2.0] AndroidManifest.xml:26:13-68
185            android:exported="false" >
185-->[androidx.emoji2:emoji2:1.2.0] AndroidManifest.xml:27:13-37
186            <meta-data
186-->[androidx.emoji2:emoji2:1.2.0] AndroidManifest.xml:29:13-31:52
187                android:name="androidx.emoji2.text.EmojiCompatInitializer"
187-->[androidx.emoji2:emoji2:1.2.0] AndroidManifest.xml:30:17-75
188                android:value="androidx.startup" />
188-->[androidx.emoji2:emoji2:1.2.0] AndroidManifest.xml:31:17-49
189            <meta-data
189-->[androidx.lifecycle:lifecycle-process:2.4.1] AndroidManifest.xml:31:13-33:52
190                android:name="androidx.lifecycle.ProcessLifecycleInitializer"
190-->[androidx.lifecycle:lifecycle-process:2.4.1] AndroidManifest.xml:32:17-78
191                android:value="androidx.startup" />
191-->[androidx.lifecycle:lifecycle-process:2.4.1] AndroidManifest.xml:33:17-49
192        </provider>
193
194        <service
194-->[com.google.android.datatransport:transport-backend-cct:3.1.8] AndroidManifest.xml:28:9-34:19
195            android:name="com.google.android.datatransport.runtime.backends.TransportBackendDiscovery"
195-->[com.google.android.datatransport:transport-backend-cct:3.1.8] AndroidManifest.xml:29:13-103
196            android:exported="false" >
196-->[com.google.android.datatransport:transport-backend-cct:3.1.8] AndroidManifest.xml:30:13-37
197            <meta-data
197-->[com.google.android.datatransport:transport-backend-cct:3.1.8] AndroidManifest.xml:31:13-33:39
198                android:name="backend:com.google.android.datatransport.cct.CctBackendFactory"
198-->[com.google.android.datatransport:transport-backend-cct:3.1.8] AndroidManifest.xml:32:17-94
199                android:value="cct" />
199-->[com.google.android.datatransport:transport-backend-cct:3.1.8] AndroidManifest.xml:33:17-36
200        </service>
201        <service
201-->[com.google.android.datatransport:transport-runtime:3.1.8] AndroidManifest.xml:26:9-30:19
202            android:name="com.google.android.datatransport.runtime.scheduling.jobscheduling.JobInfoSchedulerService"
202-->[com.google.android.datatransport:transport-runtime:3.1.8] AndroidManifest.xml:27:13-117
203            android:exported="false"
203-->[com.google.android.datatransport:transport-runtime:3.1.8] AndroidManifest.xml:28:13-37
204            android:permission="android.permission.BIND_JOB_SERVICE" >
204-->[com.google.android.datatransport:transport-runtime:3.1.8] AndroidManifest.xml:29:13-69
205        </service>
206
207        <receiver
207-->[com.google.android.datatransport:transport-runtime:3.1.8] AndroidManifest.xml:32:9-34:40
208            android:name="com.google.android.datatransport.runtime.scheduling.jobscheduling.AlarmManagerSchedulerBroadcastReceiver"
208-->[com.google.android.datatransport:transport-runtime:3.1.8] AndroidManifest.xml:33:13-132
209            android:exported="false" />
209-->[com.google.android.datatransport:transport-runtime:3.1.8] AndroidManifest.xml:34:13-37
210
211        <meta-data
211-->[com.facebook.soloader:soloader:0.10.5] AndroidManifest.xml:12:9-14:37
212            android:name="com.facebook.soloader.enabled"
212-->[com.facebook.soloader:soloader:0.10.5] AndroidManifest.xml:13:13-57
213            android:value="false" />
213-->[com.facebook.soloader:soloader:0.10.5] AndroidManifest.xml:14:13-34
214    </application>
215
216</manifest>